Checking cowboy
Checking cowboy_app
Checking cowboy_bstr
Checking cowboy_children
Checking cowboy_clear
Checking cowboy_clock
Checking cowboy_compress_h
Checking cowboy_constraints
Checking cowboy_handler
Checking cowboy_http
Checking cowboy_http2
Checking cowboy_loop
Checking cowboy_metrics_h
Checking cowboy_middleware
Checking cowboy_req
Checking cowboy_rest
Checking cowboy_router
Checking cowboy_static
Checking cowboy_stream
Checking cowboy_stream_h
Checking cowboy_sub_protocol
Checking cowboy_sup
Checking cowboy_tls
Checking cowboy_tracer_h
Checking cowboy_websocket
Checking ranch
Checking ranch_acceptor
Checking ranch_acceptors_sup
Checking ranch_app
Checking ranch_conns_sup
Checking ranch_crc32c
Checking ranch_listener_sup
Checking ranch_protocol
Checking ranch_proxy_header
Checking ranch_server
Checking ranch_ssl
Checking ranch_sup
Checking ranch_tcp
Checking ranch_transport
Checking sync
Checking sync_notify
Checking sync_options
Checking sync_scanner
Checking sync_utils
Checking pc
Checking pc_compilation
Checking pc_port_env
Checking pc_port_specs
Checking pc_prv_clean
Checking pc_prv_compile
Checking pc_util
Checking config
Checking protobuff_app
Checking protobuff_sup
Checking test_pb_pb
Checking sudoku
Checking test_pb_pb
d:/mypro/erlang/protobuffer/src/protobuff_app.erl
Checking cowboy
Checking cowboy_app
Checking cowboy_bstr
Checking cowboy_children
Checking cowboy_clear
Checking cowboy_clock
Checking cowboy_compress_h
Checking cowboy_constraints
Checking cowboy_handler
Checking cowboy_http
Checking cowboy_http2
Checking cowboy_loop
Checking cowboy_metrics_h
Checking cowboy_middleware
Checking cowboy_req
Checking cowboy_rest
Checking cowboy_router
Checking cowboy_static
Checking cowboy_stream
Checking cowboy_stream_h
Checking cowboy_sub_protocol
Checking cowboy_sup
Checking cowboy_tls
Checking cowboy_tracer_h
Checking cowboy_websocket
Checking ranch
Checking ranch_acceptor
Checking ranch_acceptors_sup
Checking ranch_app
Checking ranch_conns_sup
Checking ranch_crc32c
Checking ranch_listener_sup
Checking ranch_protocol
Checking ranch_proxy_header
Checking ranch_server
Checking ranch_ssl
Checking ranch_sup
Checking ranch_tcp
Checking ranch_transport
Checking sync
Checking sync_notify
Checking sync_options
Checking sync_scanner
Checking sync_utils
Checking pc
Checking pc_compilation
Checking pc_port_env
Checking pc_port_specs
Checking pc_prv_clean
Checking pc_prv_compile
Checking pc_util
Checking config
Checking protobuff_app
Checking protobuff_sup
Checking test_pb_pb
Checking sudoku
Checking test_pb_pb
d:/mypro/erlang/protobuffer/src/protobuff_app.erl
Checking cowboy
Checking cowboy_app
Checking cowboy_bstr
Checking cowboy_children
Checking cowboy_clear
Checking cowboy_clock
Checking cowboy_compress_h
Checking cowboy_constraints
Checking cowboy_handler
Checking cowboy_http
Checking cowboy_http2
Checking cowboy_loop
Checking cowboy_metrics_h
Checking cowboy_middleware
Checking cowboy_req
Checking cowboy_rest
Checking cowboy_router
Checking cowboy_static
Checking cowboy_stream
Checking cowboy_stream_h
Checking cowboy_sub_protocol
Checking cowboy_sup
Checking cowboy_tls
Checking cowboy_tracer_h
Checking cowboy_websocket
Checking ranch
Checking ranch_acceptor
Checking ranch_acceptors_sup
Checking ranch_app
Checking ranch_conns_sup
Checking ranch_crc32c
Checking ranch_listener_sup
Checking ranch_protocol
Checking ranch_proxy_header
Checking ranch_server
Checking ranch_ssl
Checking ranch_sup
Checking ranch_tcp
Checking ranch_transport
Checking sync
Checking sync_notify
Checking sync_options
Checking sync_scanner
Checking sync_utils
Checking pc
Checking pc_compilation
Checking pc_port_env
Checking pc_port_specs
Checking pc_prv_clean
Checking pc_prv_compile
Checking pc_util
Checking config
Checking protobuff_app
Checking protobuff_sup
Checking test_pb_pb
Checking sudoku
Checking test_pb_pb
Checking cow_base64url
Checking cow_cookie
Checking cow_date
Checking cow_hpack
Checking cow_http
Checking cow_http2
Checking cow_http2_machine
Checking cow_http_hd
Checking cow_http_struct_hd
Checking cow_http_te
Checking cow_iolists
Checking cow_link
Checking cow_mimetypes
Checking cow_multipart
Checking cow_qs
Checking cow_spdy
Checking cow_sse
Checking cow_uri
Checking cow_uri_template
Checking cow_ws
Checking cowboy_http
Checking cow_cookie
Checking cow_hpack
Checking cow_http
Checking cow_http_hd
Checking cow_http_struct_hd
Checking cow_http_te
Checking cow_link
Checking cow_multipart
Checking cow_spdy
Checking cow_uri_template
d:/mypro/erlang/protobuffer/src/protobuff_app.erl
Checking cowboy
Checking cowboy_app
Checking cowboy_bstr
Checking cowboy_children
Checking cowboy_clear
Checking cowboy_clock
Checking cowboy_compress_h
Checking cowboy_constraints
Checking cowboy_handler
Checking cowboy_http
Checking cowboy_http2
Checking cowboy_loop
Checking cowboy_metrics_h
Checking cowboy_middleware
Checking cowboy_req
Checking cowboy_rest
Checking cowboy_router
Checking cowboy_static
Checking cowboy_stream
Checking cowboy_stream_h
Checking cowboy_sub_protocol
Checking cowboy_sup
Checking cowboy_tls
Checking cowboy_tracer_h
Checking cowboy_websocket
Checking ranch
Checking ranch_acceptor
Checking ranch_acceptors_sup
Checking ranch_app
Checking ranch_conns_sup
Checking ranch_crc32c
Checking ranch_listener_sup
Checking ranch_protocol
Checking ranch_proxy_header
Checking ranch_server
Checking ranch_ssl
Checking ranch_sup
Checking ranch_tcp
Checking ranch_transport
Checking sync
Checking sync_notify
Checking sync_options
Checking sync_scanner
Checking sync_utils
Checking pc
Checking pc_compilation
Checking pc_port_env
Checking pc_port_specs
Checking pc_prv_clean
Checking pc_prv_compile
Checking pc_util
Checking config
Checking protobuff_app
Checking protobuff_sup
Checking test_pb_pb
Checking sudoku
Checking test_pb_pb
Checking cow_base64url
Checking cow_cookie
Checking cow_date
Checking cow_hpack
Checking cow_http
Checking cow_http2
Checking cow_http2_machine
Checking cow_http_hd
Checking cow_http_struct_hd
Checking cow_http_te
Checking cow_iolists
Checking cow_link
Checking cow_mimetypes
Checking cow_multipart
Checking cow_qs
Checking cow_spdy
Checking cow_sse
Checking cow_uri
Checking cow_uri_template
Checking cow_ws
Checking cowboy_http
Checking cow_cookie
Checking cow_hpack
Checking cow_http
Checking cow_http_hd
Checking cow_http_struct_hd
Checking cow_http_te
Checking cow_link
Checking cow_multipart
Checking cow_spdy
Checking cow_uri_template
Checking cowboy
Checking cowboy_app
Checking cowboy_bstr
Checking cowboy_children
Checking cowboy_clear
Checking cowboy_clock
Checking cowboy_compress_h
Checking cowboy_constraints
Checking cowboy_handler
Checking cowboy_http
Checking cowboy_http2
Checking cowboy_loop
Checking cowboy_metrics_h
Checking cowboy_middleware
Checking cowboy_req
Checking cowboy_rest
Checking cowboy_router
Checking cowboy_static
Checking cowboy_stream
Checking cowboy_stream_h
Checking cowboy_sub_protocol
Checking cowboy_sup
Checking cowboy_tls
Checking cowboy_tracer_h
Checking cowboy_websocket
Checking ranch
Checking ranch_acceptor
Checking ranch_acceptors_sup
Checking ranch_app
Checking ranch_conns_sup
Checking ranch_crc32c
Checking ranch_listener_sup
Checking ranch_protocol
Checking ranch_proxy_header
Checking ranch_server
Checking ranch_ssl
Checking ranch_sup
Checking ranch_tcp
Checking ranch_transport
Checking sync
Checking sync_notify
Checking sync_options
Checking sync_scanner
Checking sync_utils
Checking pc
Checking pc_compilation
Checking pc_port_env
Checking pc_port_specs
Checking pc_prv_clean
Checking pc_prv_compile
Checking pc_util
Checking config
Checking protobuff_app
Checking protobuff_sup
Checking test_pb_pb
Checking sudoku
Checking test_pb_pb
Checking cow_base64url
Checking cow_cookie
Checking cow_date
Checking cow_hpack
Checking cow_http
Checking cow_http2
Checking cow_http2_machine
Checking cow_http_hd
Checking cow_http_struct_hd
Checking cow_http_te
Checking cow_iolists
Checking cow_link
Checking cow_mimetypes
Checking cow_multipart
Checking cow_qs
Checking cow_spdy
Checking cow_sse
Checking cow_uri
Checking cow_uri_template
Checking cow_ws
Checking cowboy_http
Checking cow_cookie
Checking cow_hpack
Checking cow_http
Checking cow_http_hd
Checking cow_http_struct_hd
Checking cow_http_te
Checking cow_link
Checking cow_multipart
Checking cow_spdy
Checking cow_uri_template
Checking toppage_h
d:/mypro/erlang/protobuffer/src/toppage_h.erl
d:/mypro/erlang/protobuffer/src/protobuff_app.erl
Checking cowboy
Checking cowboy_app
Checking cowboy_bstr
Checking cowboy_children
Checking cowboy_clear
Checking cowboy_clock
Checking cowboy_compress_h
Checking cowboy_constraints
Checking cowboy_handler
Checking cowboy_http
Checking cowboy_http2
Checking cowboy_loop
Checking cowboy_metrics_h
Checking cowboy_middleware
Checking cowboy_req
Checking cowboy_rest
Checking cowboy_router
Checking cowboy_static
Checking cowboy_stream
Checking cowboy_stream_h
Checking cowboy_sub_protocol
Checking cowboy_sup
Checking cowboy_tls
Checking cowboy_tracer_h
Checking cowboy_websocket
Checking ranch
Checking ranch_acceptor
Checking ranch_acceptors_sup
Checking ranch_app
Checking ranch_conns_sup
Checking ranch_crc32c
Checking ranch_listener_sup
Checking ranch_protocol
Checking ranch_proxy_header
Checking ranch_server
Checking ranch_ssl
Checking ranch_sup
Checking ranch_tcp
Checking ranch_transport
Checking sync
Checking sync_notify
Checking sync_options
Checking sync_scanner
Checking sync_utils
Checking pc
Checking pc_compilation
Checking pc_port_env
Checking pc_port_specs
Checking pc_prv_clean
Checking pc_prv_compile
Checking pc_util
Checking config
Checking protobuff_app
Checking protobuff_sup
Checking test_pb_pb
Checking toppage_h
Checking sudoku
Checking test_pb_pb
Checking cow_base64url
Checking cow_cookie
Checking cow_date
Checking cow_hpack
Checking cow_http
Checking cow_http2
Checking cow_http2_machine
Checking cow_http_hd
Checking cow_http_struct_hd
Checking cow_http_te
Checking cow_iolists
Checking cow_link
Checking cow_mimetypes
Checking cow_multipart
Checking cow_qs
Checking cow_spdy
Checking cow_sse
Checking cow_uri
Checking cow_uri_template
Checking cow_ws
Checking cowboy_http
Checking cow_cookie
Checking cow_hpack
Checking cow_http
Checking cow_http_hd
Checking cow_http_struct_hd
Checking cow_http_te
Checking cow_link
Checking cow_multipart
Checking cow_spdy
Checking cow_uri_template
d:/mypro/erlang/protobuffer/src/toppage_h.erl
d:/mypro/erlang/protobuffer/src/toppage_h.erl
d:/mypro/erlang/protobuffer/src/toppage_h.erl
d:/mypro/erlang/protobuffer/src/toppage_h.erl
d:/mypro/erlang/protobuffer/src/toppage_h.erl
d:/mypro/erlang/protobuffer/src/test_pb_pb.erl
d:/mypro/erlang/protobuffer/src/toppage_h.erl
Checking toppage_h
d:/mypro/erlang/protobuffer/src/cowboy_handle/toppage_h.erl
Checking cowboy
Checking cowboy_app
Checking cowboy_bstr
Checking cowboy_children
Checking cowboy_clear
Checking cowboy_clock
Checking cowboy_compress_h
Checking cowboy_constraints
Checking cowboy_handler
Checking cowboy_http
Checking cowboy_http2
Checking cowboy_loop
Checking cowboy_metrics_h
Checking cowboy_middleware
Checking cowboy_req
Checking cowboy_rest
Checking cowboy_router
Checking cowboy_static
Checking cowboy_stream
Checking cowboy_stream_h
Checking cowboy_sub_protocol
Checking cowboy_sup
Checking cowboy_tls
Checking cowboy_tracer_h
Checking cowboy_websocket
Checking ranch
Checking ranch_acceptor
Checking ranch_acceptors_sup
Checking ranch_app
Checking ranch_conns_sup
Checking ranch_crc32c
Checking ranch_listener_sup
Checking ranch_protocol
Checking ranch_proxy_header
Checking ranch_server
Checking ranch_ssl
Checking ranch_sup
Checking ranch_tcp
Checking ranch_transport
Checking sync
Checking sync_notify
Checking sync_options
Checking sync_scanner
Checking sync_utils
Checking gpb
Checking gpb_codegen
Checking gpb_compile
Checking gpb_parse
Checking gpb_scan
Checking pc
Checking pc_compilation
Checking pc_port_env
Checking pc_port_specs
Checking pc_prv_clean
Checking pc_prv_compile
Checking pc_util
Checking config
Checking toppage_h
Checking protobuff_app
Checking protobuff_sup
Checking test_pb_pb
Checking sudoku
Checking gpb
Checking gpb_compile
Checking gpb_parse
Checking test_pb_pb
d:/mypro/erlang/protobuffer/src/cowboy_handle/toppage_h.erl
d:/mypro/erlang/protobuffer/src/cowboy_handle/toppage_h.erl
Checking cowboy
Checking cowboy_app
Checking cowboy_bstr
Checking cowboy_children
Checking cowboy_clear
Checking cowboy_clock
Checking cowboy_compress_h
Checking cowboy_constraints
Checking cowboy_handler
Checking cowboy_http
Checking cowboy_http2
Checking cowboy_loop
Checking cowboy_metrics_h
Checking cowboy_middleware
Checking cowboy_req
Checking cowboy_rest
Checking cowboy_router
Checking cowboy_static
Checking cowboy_stream
Checking cowboy_stream_h
Checking cowboy_sub_protocol
Checking cowboy_sup
Checking cowboy_tls
Checking cowboy_tracer_h
Checking cowboy_websocket
Checking ranch
Checking ranch_acceptor
Checking ranch_acceptors_sup
Checking ranch_app
Checking ranch_conns_sup
Checking ranch_crc32c
Checking ranch_listener_sup
Checking ranch_protocol
Checking ranch_proxy_header
Checking ranch_server
Checking ranch_ssl
Checking ranch_sup
Checking ranch_tcp
Checking ranch_transport
Checking sync
Checking sync_notify
Checking sync_options
Checking sync_scanner
Checking sync_utils
Checking pc
Checking pc_compilation
Checking pc_port_env
Checking pc_port_specs
Checking pc_prv_clean
Checking pc_prv_compile
Checking pc_util
Checking config
Checking toppage_h
Checking protobuff_app
Checking protobuff_sup
Checking test_pb_pb
Checking sudoku
Checking toppage_h
Checking test_pb_pb
Checking cow_base64url
Checking cow_cookie
Checking cow_date
Checking cow_hpack
Checking cow_http
Checking cow_http2
Checking cow_http2_machine
Checking cow_http_hd
Checking cow_http_struct_hd
Checking cow_http_te
Checking cow_iolists
Checking cow_link
Checking cow_mimetypes
Checking cow_multipart
Checking cow_qs
Checking cow_spdy
Checking cow_sse
Checking cow_uri
Checking cow_uri_template
Checking cow_ws
Checking cowboy_http
Checking cow_cookie
Checking cow_hpack
Checking cow_http
Checking cow_http_hd
Checking cow_http_struct_hd
Checking cow_http_te
Checking cow_link
Checking cow_multipart
Checking cow_spdy
Checking cow_uri_template
d:/mypro/erlang/protobuffer/src/cowboy_handle/toppage_h.erl
Checking cowboy
Checking cowboy_app
Checking cowboy_bstr
Checking cowboy_children
Checking cowboy_clear
Checking cowboy_clock
Checking cowboy_compress_h
Checking cowboy_constraints
Checking cowboy_handler
Checking cowboy_http
Checking cowboy_http2
Checking cowboy_loop
Checking cowboy_metrics_h
Checking cowboy_middleware
Checking cowboy_req
Checking cowboy_rest
Checking cowboy_router
Checking cowboy_static
Checking cowboy_stream
Checking cowboy_stream_h
Checking cowboy_sub_protocol
Checking cowboy_sup
Checking cowboy_tls
Checking cowboy_tracer_h
Checking cowboy_websocket
Checking ranch
Checking ranch_acceptor
Checking ranch_acceptors_sup
Checking ranch_app
Checking ranch_conns_sup
Checking ranch_crc32c
Checking ranch_listener_sup
Checking ranch_protocol
Checking ranch_proxy_header
Checking ranch_server
Checking ranch_ssl
Checking ranch_sup
Checking ranch_tcp
Checking ranch_transport
Checking sync
Checking sync_notify
Checking sync_options
Checking sync_scanner
Checking sync_utils
Checking pc
Checking pc_compilation
Checking pc_port_env
Checking pc_port_specs
Checking pc_prv_clean
Checking pc_prv_compile
Checking pc_util
Checking config
Checking toppage_h
Checking protobuff_app
Checking protobuff_sup
Checking test_pb_pb
Checking sudoku
Checking toppage_h
Checking test_pb_pb
Checking cow_base64url
Checking cow_cookie
Checking cow_date
Checking cow_hpack
Checking cow_http
Checking cow_http2
Checking cow_http2_machine
Checking cow_http_hd
Checking cow_http_struct_hd
Checking cow_http_te
Checking cow_iolists
Checking cow_link
Checking cow_mimetypes
Checking cow_multipart
Checking cow_qs
Checking cow_spdy
Checking cow_sse
Checking cow_uri
Checking cow_uri_template
Checking cow_ws
Checking cowboy_http
Checking cow_cookie
Checking cow_hpack
Checking cow_http
Checking cow_http_hd
Checking cow_http_struct_hd
Checking cow_http_te
Checking cow_link
Checking cow_multipart
Checking cow_spdy
Checking cow_uri_template
d:/mypro/erlang/protobuffer/src/cowboy_handle/toppage_h.erl
d:/mypro/erlang/protobuffer/src/cowboy_handle/toppage_h.erl
d:/mypro/erlang/protobuffer/src/cowboy_handle/toppage_h.erl
Checking cowboy
Checking cowboy_app
Checking cowboy_bstr
Checking cowboy_children
Checking cowboy_clear
Checking cowboy_clock
Checking cowboy_compress_h
Checking cowboy_constraints
Checking cowboy_handler
Checking cowboy_http
Checking cowboy_http2
Checking cowboy_loop
Checking cowboy_metrics_h
Checking cowboy_middleware
Checking cowboy_req
Checking cowboy_rest
Checking cowboy_router
Checking cowboy_static
Checking cowboy_stream
Checking cowboy_stream_h
Checking cowboy_sub_protocol
Checking cowboy_sup
Checking cowboy_tls
Checking cowboy_tracer_h
Checking cowboy_websocket
Checking ranch
Checking ranch_acceptor
Checking ranch_acceptors_sup
Checking ranch_app
Checking ranch_conns_sup
Checking ranch_crc32c
Checking ranch_listener_sup
Checking ranch_protocol
Checking ranch_proxy_header
Checking ranch_server
Checking ranch_ssl
Checking ranch_sup
Checking ranch_tcp
Checking ranch_transport
Checking sync
Checking sync_notify
Checking sync_options
Checking sync_scanner
Checking sync_utils
Checking gpb
Checking gpb_codegen
Checking gpb_compile
Checking gpb_parse
Checking gpb_scan
Checking pc
Checking pc_compilation
Checking pc_port_env
Checking pc_port_specs
Checking pc_prv_clean
Checking pc_prv_compile
Checking pc_util
Checking config
Checking toppage_h
Checking protobuff_app
Checking protobuff_sup
Checking test_pb_pb
Checking sudoku
Checking gpb
Checking gpb_compile
Checking gpb_parse
Checking toppage_h
Checking test_pb_pb
Checking cow_base64url
Checking cow_cookie
Checking cow_date
Checking cow_hpack
Checking cow_http
Checking cow_http2
Checking cow_http2_machine
Checking cow_http_hd
Checking cow_http_struct_hd
Checking cow_http_te
Checking cow_iolists
Checking cow_link
Checking cow_mimetypes
Checking cow_multipart
Checking cow_qs
Checking cow_spdy
Checking cow_sse
Checking cow_uri
Checking cow_uri_template
Checking cow_ws
Checking cowboy_http
Checking cow_cookie
Checking cow_hpack
Checking cow_http
Checking cow_http_hd
Checking cow_http_struct_hd
Checking cow_http_te
Checking cow_link
Checking cow_multipart
Checking cow_spdy
Checking cow_uri_template
Checking cowboy
Checking cowboy_app
Checking cowboy_bstr
Checking cowboy_children
Checking cowboy_clear
Checking cowboy_clock
Checking cowboy_compress_h
Checking cowboy_constraints
Checking cowboy_handler
Checking cowboy_http
Checking cowboy_http2
Checking cowboy_loop
Checking cowboy_metrics_h
Checking cowboy_middleware
Checking cowboy_req
Checking cowboy_rest
Checking cowboy_router
Checking cowboy_static
Checking cowboy_stream
Checking cowboy_stream_h
Checking cowboy_sub_protocol
Checking cowboy_sup
Checking cowboy_tls
Checking cowboy_tracer_h
Checking cowboy_websocket
Checking ranch
Checking ranch_acceptor
Checking ranch_acceptors_sup
Checking ranch_app
Checking ranch_conns_sup
Checking ranch_crc32c
Checking ranch_listener_sup
Checking ranch_protocol
Checking ranch_proxy_header
Checking ranch_server
Checking ranch_ssl
Checking ranch_sup
Checking ranch_tcp
Checking ranch_transport
Checking sync
Checking sync_notify
Checking sync_options
Checking sync_scanner
Checking sync_utils
Checking gpb
Checking gpb_codegen
Checking gpb_compile
Checking gpb_parse
Checking gpb_scan
Checking pc
Checking pc_compilation
Checking pc_port_env
Checking pc_port_specs
Checking pc_prv_clean
Checking pc_prv_compile
Checking pc_util
Checking config
Checking toppage_h
Checking protobuff_app
Checking protobuff_sup
Checking test_pb_pb
Checking sudoku
Checking gpb
Checking gpb_compile
Checking gpb_parse
Checking toppage_h
Checking test_pb_pb
d:/mypro/erlang/protobuffer/src/cowboy_handle/toppage_h.erl
d:/mypro/erlang/protobuffer/src/cowboy_handle/toppage_h.erl
Checking cowboy
Checking cowboy_app
Checking cowboy_bstr
Checking cowboy_children
Checking cowboy_clear
Checking cowboy_clock
Checking cowboy_compress_h
Checking cowboy_constraints
Checking cowboy_handler
Checking cowboy_http
Checking cowboy_http2
Checking cowboy_loop
Checking cowboy_metrics_h
Checking cowboy_middleware
Checking cowboy_req
Checking cowboy_rest
Checking cowboy_router
Checking cowboy_static
Checking cowboy_stream
Checking cowboy_stream_h
Checking cowboy_sub_protocol
Checking cowboy_sup
Checking cowboy_tls
Checking cowboy_tracer_h
Checking cowboy_websocket
Checking ranch
Checking ranch_acceptor
Checking ranch_acceptors_sup
Checking ranch_app
Checking ranch_conns_sup
Checking ranch_crc32c
Checking ranch_listener_sup
Checking ranch_protocol
Checking ranch_proxy_header
Checking ranch_server
Checking ranch_ssl
Checking ranch_sup
Checking ranch_tcp
Checking ranch_transport
Checking sync
Checking sync_notify
Checking sync_options
Checking sync_scanner
Checking sync_utils
Checking pc
Checking pc_compilation
Checking pc_port_env
Checking pc_port_specs
Checking pc_prv_clean
Checking pc_prv_compile
Checking pc_util
Checking config
Checking toppage_h
Checking protobuff_app
Checking protobuff_sup
Checking test_pb_pb
Checking sudoku
Checking toppage_h
Checking test_pb_pb
Checking cow_base64url
Checking cow_cookie
Checking cow_date
Checking cow_hpack
Checking cow_http
Checking cow_http2
Checking cow_http2_machine
Checking cow_http_hd
Checking cow_http_struct_hd
Checking cow_http_te
Checking cow_iolists
Checking cow_link
Checking cow_mimetypes
Checking cow_multipart
Checking cow_qs
Checking cow_spdy
Checking cow_sse
Checking cow_uri
Checking cow_uri_template
Checking cow_ws
Checking cowboy_http
Checking cow_cookie
Checking cow_hpack
Checking cow_http
Checking cow_http_hd
Checking cow_http_struct_hd
Checking cow_http_te
Checking cow_link
Checking cow_multipart
Checking cow_spdy
Checking cow_uri_template
d:/mypro/erlang/protobuffer/src/cowboy_handle/toppage_h.erl
d:/mypro/erlang/protobuffer/src/cowboy_handle/toppage_h.erl
d:/mypro/erlang/protobuffer/src/cowboy_handle/toppage_h.erl
Checking cowboy
Checking cowboy_app
Checking cowboy_bstr
Checking cowboy_children
Checking cowboy_clear
Checking cowboy_clock
Checking cowboy_compress_h
Checking cowboy_constraints
Checking cowboy_handler
Checking cowboy_http
Checking cowboy_http2
Checking cowboy_loop
Checking cowboy_metrics_h
Checking cowboy_middleware
Checking cowboy_req
Checking cowboy_rest
Checking cowboy_router
Checking cowboy_static
Checking cowboy_stream
Checking cowboy_stream_h
Checking cowboy_sub_protocol
Checking cowboy_sup
Checking cowboy_tls
Checking cowboy_tracer_h
Checking cowboy_websocket
Checking ranch
Checking ranch_acceptor
Checking ranch_acceptors_sup
Checking ranch_app
Checking ranch_conns_sup
Checking ranch_crc32c
Checking ranch_listener_sup
Checking ranch_protocol
Checking ranch_proxy_header
Checking ranch_server
Checking ranch_ssl
Checking ranch_sup
Checking ranch_tcp
Checking ranch_transport
Checking sync
Checking sync_notify
Checking sync_options
Checking sync_scanner
Checking sync_utils
Checking pc
Checking pc_compilation
Checking pc_port_env
Checking pc_port_specs
Checking pc_prv_clean
Checking pc_prv_compile
Checking pc_util
Checking config
Checking toppage_h
Checking protobuff_app
Checking protobuff_sup
Checking test_pb_pb
Checking sudoku
Checking toppage_h
Checking test_pb_pb
Checking cow_base64url
Checking cow_cookie
Checking cow_date
Checking cow_hpack
Checking cow_http
Checking cow_http2
Checking cow_http2_machine
Checking cow_http_hd
Checking cow_http_struct_hd
Checking cow_http_te
Checking cow_iolists
Checking cow_link
Checking cow_mimetypes
Checking cow_multipart
Checking cow_qs
Checking cow_spdy
Checking cow_sse
Checking cow_uri
Checking cow_uri_template
Checking cow_ws
Checking cowboy_http
Checking cow_cookie
Checking cow_hpack
Checking cow_http
Checking cow_http_hd
Checking cow_http_struct_hd
Checking cow_http_te
Checking cow_link
Checking cow_multipart
Checking cow_spdy
Checking cow_uri_template
d:/mypro/erlang/protobuffer/src/cowboy_handle/toppage_h.erl
d:/mypro/erlang/protobuffer/src/cowboy_handle/toppage_h.erl
d:/mypro/erlang/protobuffer/src/cowboy_handle/toppage_h.erl
d:/mypro/erlang/protobuffer/src/cowboy_handle/toppage_h.erl
d:/mypro/erlang/protobuffer/src/cowboy_handle/toppage_h.erl
